Using pre-set license
Built from '2021.2/staging' branch; Version is '2021.2.3f1 (32358a8527b4) revision 3290506'; Using compiler version '192829333'; Build Type 'Release'
OS: 'Windows 10 Pro; OS build 19044.2130; Version 2009; 64bit' Language: 'en' Physical Memory: 8148 MB
BatchMode: 1, IsHumanControllingUs: 0, StartBugReporterOnCrash: 0, Is64bit: 1, IsPro: 0

COMMAND LINE ARGUMENTS:
C:\Program Files\Unity 2021.2.3f1\Editor\Unity.exe
-adb2
-batchMode
-noUpm
-name
AssetImportWorker2
-projectPath
D:/Unity Projects/Unity_VRoid_Expression_Pack1/Expression Pack
-logFile
Logs/AssetImportWorker2.log
-srvPort
57328
Successfully changed project path to: D:/Unity Projects/Unity_VRoid_Expression_Pack1/Expression Pack
D:/Unity Projects/Unity_VRoid_Expression_Pack1/Expression Pack
[UnityMemory] Configuration Parameters - Can be set up in boot.config
    "memorysetup-bucket-allocator-granularity=16"
    "memorysetup-bucket-allocator-bucket-count=8"
    "memorysetup-bucket-allocator-block-size=33554432"
    "memorysetup-bucket-allocator-block-count=8"
    "memorysetup-main-allocator-block-size=16777216"
    "memorysetup-thread-allocator-block-size=16777216"
    "memorysetup-gfx-main-allocator-block-size=16777216"
    "memorysetup-gfx-thread-allocator-block-size=16777216"
    "memorysetup-cache-allocator-block-size=4194304"
    "memorysetup-typetree-allocator-block-size=2097152"
    "memorysetup-profiler-bucket-allocator-granularity=16"
    "memorysetup-profiler-bucket-allocator-bucket-count=8"
    "memorysetup-profiler-bucket-allocator-block-size=33554432"
    "memorysetup-profiler-bucket-allocator-block-count=8"
    "memorysetup-profiler-allocator-block-size=16777216"
    "memorysetup-profiler-editor-allocator-block-size=1048576"
    "memorysetup-temp-allocator-size-main=16777216"
    "memorysetup-job-temp-allocator-block-size=2097152"
    "memorysetup-job-temp-allocator-block-size-background=1048576"
    "memorysetup-job-temp-allocator-reduction-small-platforms=262144"
    "memorysetup-temp-allocator-size-background-worker=32768"
    "memorysetup-temp-allocator-size-job-worker=262144"
    "memorysetup-temp-allocator-size-preload-manager=33554432"
    "memorysetup-temp-allocator-size-nav-mesh-worker=65536"
    "memorysetup-temp-allocator-size-audio-worker=65536"
    "memorysetup-temp-allocator-size-cloud-worker=32768"
    "memorysetup-temp-allocator-size-gi-baking-worker=262144"
    "memorysetup-temp-allocator-size-gfx=262144"
Refreshing native plugins compatible for Editor in 72.57 ms, found 0 plugins.
Preloading 0 native plugins for Editor in 0.00 ms.
Initialize engine version: 2021.2.3f1 (32358a8527b4)
[Subsystems] Discovering subsystems at path C:/Program Files/Unity 2021.2.3f1/Editor/Data/Resources/UnitySubsystems
[Subsystems] Discovering subsystems at path D:/Unity Projects/Unity_VRoid_Expression_Pack1/Expression Pack/Assets
GfxDevice: creating device client; threaded=0; jobified=0
Direct3D:
    Version:  Direct3D 11.0 [level 11.1]
    Renderer: NVIDIA GeForce GTX 1650 (ID=0x1f82)
    Vendor:   NVIDIA
    VRAM:     3962 MB
    Driver:   30.0.15.1215
Initialize mono
Mono path[0] = 'C:/Program Files/Unity 2021.2.3f1/Editor/Data/Managed'
Mono path[1] = 'C:/Program Files/Unity 2021.2.3f1/Editor/Data/MonoBleedingEdge/lib/mono/unityjit-win32'
Mono config path = 'C:/Program Files/Unity 2021.2.3f1/Editor/Data/MonoBleedingEdge/etc'
Using monoOptions --debugger-agent=transport=dt_socket,embedding=1,server=y,suspend=n,address=127.0.0.1:56040
Begin MonoManager ReloadAssembly
Registering precompiled unity dll's ...
Register platform support module: C:/Program Files/Unity 2021.2.3f1/Editor/Data/PlaybackEngines/WindowsStandaloneSupport/UnityEditor.WindowsStandalone.Extensions.dll
Registered in 0.012755 seconds.
Native extension for WindowsStandalone target not found
Refreshing native plugins compatible for Editor in 78.09 ms, found 0 plugins.
Preloading 0 native plugins for Editor in 0.00 ms.
Mono: successfully reloaded assembly
- Completed reload, in  1.058 seconds
Domain Reload Profiling:
	ReloadAssembly (1059ms)
		BeginReloadAssembly (138ms)
			ExecutionOrderSort (0ms)
			DisableScriptedObjects (0ms)
			BackupInstance (0ms)
			ReleaseScriptingObjects (0ms)
			CreateAndSetChildDomain (1ms)
		EndReloadAssembly (767ms)
			LoadAssemblies (132ms)
			RebuildTransferFunctionScriptingTraits (0ms)
			SetupTypeCache (185ms)
			ReleaseScriptCaches (0ms)
			RebuildScriptCaches (52ms)
			SetupLoadedEditorAssemblies (433ms)
				LogAssemblyErrors (0ms)
				InitializePlatformSupportModulesInManaged (29ms)
				SetLoadedEditorAssemblies (0ms)
				RefreshPlugins (78ms)
				BeforeProcessingInitializeOnLoad (2ms)
				ProcessInitializeOnLoadAttributes (227ms)
				ProcessInitializeOnLoadMethodAttributes (96ms)
				AfterProcessingInitializeOnLoad (0ms)
				EditorAssembliesLoaded (0ms)
			ExecutionOrderSort2 (0ms)
			AwakeInstancesAfterBackupRestoration (0ms)
Platform modules already initialized, skipping
Registering precompiled user dll's ...
Registered in 0.002583 seconds.
Begin MonoManager ReloadAssembly
Native extension for WindowsStandalone target not found
Refreshing native plugins compatible for Editor in 76.77 ms, found 0 plugins.
Preloading 0 native plugins for Editor in 0.00 ms.
Mono: successfully reloaded assembly
- Completed reload, in  3.548 seconds
Domain Reload Profiling:
	ReloadAssembly (3550ms)
		BeginReloadAssembly (331ms)
			ExecutionOrderSort (0ms)
			DisableScriptedObjects (10ms)
			BackupInstance (0ms)
			ReleaseScriptingObjects (0ms)
			CreateAndSetChildDomain (55ms)
		EndReloadAssembly (2967ms)
			LoadAssemblies (1342ms)
			RebuildTransferFunctionScriptingTraits (0ms)
			SetupTypeCache (498ms)
			ReleaseScriptCaches (1ms)
			RebuildScriptCaches (93ms)
			SetupLoadedEditorAssemblies (783ms)
				LogAssemblyErrors (0ms)
				InitializePlatformSupportModulesInManaged (21ms)
				SetLoadedEditorAssemblies (0ms)
				RefreshPlugins (77ms)
				BeforeProcessingInitializeOnLoad (129ms)
				ProcessInitializeOnLoadAttributes (495ms)
				ProcessInitializeOnLoadMethodAttributes (39ms)
				AfterProcessingInitializeOnLoad (21ms)
				EditorAssembliesLoaded (0ms)
			ExecutionOrderSort2 (0ms)
			AwakeInstancesAfterBackupRestoration (24ms)
Platform modules already initialized, skipping
========================================================================
Worker process is ready to serve import requests
Launched and connected shader compiler UnityShaderCompiler.exe after 0.49 seconds
Refreshing native plugins compatible for Editor in 0.44 ms, found 0 plugins.
Preloading 0 native plugins for Editor in 0.00 ms.
Unloading 2105 Unused Serialized files (Serialized files now loaded: 0)
Unloading 29 unused Assets / (182.7 KB). Loaded Objects now: 2579.
Memory consumption went from 95.4 MB to 95.2 MB.
Total: 109.268800 ms (FindLiveObjects: 0.242200 ms CreateObjectMapping: 0.109700 ms MarkObjects: 108.715000 ms  DeleteObjects: 0.199600 ms)

AssetImportParameters requested are different than current active one (requested -> active):
  custom:video-decoder-ogg-theora: a1e56fd34408186e4bbccfd4996cb3dc -> 
  custom:container-muxer-webm: aa71ff27fc2769a1b78a27578f13a17b -> 
  custom:container-demuxer-webm: 4f35f7cbe854078d1ac9338744f61a02 -> 
  custom:video-encoder-webm-vp8: eb34c28f22e8b96e1ab97ce403110664 -> 
  custom:video-codec-MediaFoundation-h265: 746d11721c4dcdbdad8f713fa42b33f4 -> 
  custom:audio-encoder-webm-vorbis: bf7c407c2cedff20999df2af8eb42d56 -> 
  custom:framework-win-MediaFoundation: 216162199b28c13a410421893ffa2e32 -> 
  custom:container-demuxer-ogg: 62fdf1f143b41e24485cea50d1cbac27 -> 
  custom:video-decoder-webm-vp8: 9c59270c3fd7afecdb556c50c9e8de78 -> 
  custom:audio-decoder-ogg-vorbis: bf7c407c2cedff20999df2af8eb42d56 -> 
========================================================================
Received Import Request.
  Time since last request: 15526.854775 seconds.
  path: Assets/Animation/Expressions/Expression Default 1.anim
  artifactKey: Guid(cc8f482a365218745b588bd508ba7545) Importer(815301076,1909f56bfc062723c751e8b465ee728b)
Start importing Assets/Animation/Expressions/Expression Default 1.anim using Guid(cc8f482a365218745b588bd508ba7545) Importer(815301076,1909f56bfc062723c751e8b465ee728b)  -> (artifact id: '2bc3722ce8e58192d93e67b33bc0a81a') in 0.128628 seconds 
========================================================================
Received Import Request.
  Time since last request: 609.031232 seconds.
  path: Assets/Animation/Expressions/Expression Joy 2.anim
  artifactKey: Guid(cc8f482a365218745b588bd508ba7545) Importer(815301076,1909f56bfc062723c751e8b465ee728b)
Start importing Assets/Animation/Expressions/Expression Joy 2.anim using Guid(cc8f482a365218745b588bd508ba7545) Importer(815301076,1909f56bfc062723c751e8b465ee728b)  -> (artifact id: '0fd249018d41c3a0fd3819a8db585f1b') in 0.015255 seconds 
========================================================================
Received Import Request.
  Time since last request: 59.209651 seconds.
  path: Assets/Animation/Expressions/Expression Joy.anim
  artifactKey: Guid(8a9715688a681474795287250775b474) Importer(815301076,1909f56bfc062723c751e8b465ee728b)
Start importing Assets/Animation/Expressions/Expression Joy.anim using Guid(8a9715688a681474795287250775b474) Importer(815301076,1909f56bfc062723c751e8b465ee728b)  -> (artifact id: '4f99edd6465c2834debd203622729eb3') in 0.026083 seconds 
========================================================================
Received Import Request.
  Time since last request: 0.710177 seconds.
  path: Assets/Animation/Expressions/Expression Joy 1.anim
  artifactKey: Guid(6fc778961c5d84648821a3226b3a8af1) Importer(815301076,1909f56bfc062723c751e8b465ee728b)
Start importing Assets/Animation/Expressions/Expression Joy 1.anim using Guid(6fc778961c5d84648821a3226b3a8af1) Importer(815301076,1909f56bfc062723c751e8b465ee728b)  -> (artifact id: 'dc4ae6830ea9c391bfb1466f937aef59') in 0.009819 seconds 
========================================================================
Received Import Request.
  Time since last request: 3.020502 seconds.
  path: Assets/Animation/Expressions/Expression Joy 2.anim
  artifactKey: Guid(8a9715688a681474795287250775b474) Importer(815301076,1909f56bfc062723c751e8b465ee728b)
Start importing Assets/Animation/Expressions/Expression Joy 2.anim using Guid(8a9715688a681474795287250775b474) Importer(815301076,1909f56bfc062723c751e8b465ee728b)  -> (artifact id: '0a3092376700741cdcbd7c3b891ab6da') in 0.003722 seconds 
========================================================================
Received Import Request.
  Time since last request: 302.829041 seconds.
  path: Assets/Animation/Expressions/xExpression Not Amused.anim
  artifactKey: Guid(8a9715688a681474795287250775b474) Importer(815301076,1909f56bfc062723c751e8b465ee728b)
Start importing Assets/Animation/Expressions/xExpression Not Amused.anim using Guid(8a9715688a681474795287250775b474) Importer(815301076,1909f56bfc062723c751e8b465ee728b)  -> (artifact id: '2e3b8c1a6d76068bbeda110aa739e614') in 0.010672 seconds 
========================================================================
Received Import Request.
  Time since last request: 4.810674 seconds.
  path: Assets/Animation/Expressions/xExpression Not Amused 1.anim
  artifactKey: Guid(d89e3e14f9fb21946ae0b085971afe23) Importer(815301076,1909f56bfc062723c751e8b465ee728b)
Start importing Assets/Animation/Expressions/xExpression Not Amused 1.anim using Guid(d89e3e14f9fb21946ae0b085971afe23) Importer(815301076,1909f56bfc062723c751e8b465ee728b)  -> (artifact id: '0e523ea64438ff7298c55b5d4d12fc5a') in 0.009744 seconds 
========================================================================
Received Import Request.
  Time since last request: 404.512961 seconds.
  path: Assets/Animation/Expressions/xExpression Cringe.anim
  artifactKey: Guid(d89e3e14f9fb21946ae0b085971afe23) Importer(815301076,1909f56bfc062723c751e8b465ee728b)
Start importing Assets/Animation/Expressions/xExpression Cringe.anim using Guid(d89e3e14f9fb21946ae0b085971afe23) Importer(815301076,1909f56bfc062723c751e8b465ee728b)  -> (artifact id: '258d2238a7b272d4065aca72110c9629') in 0.010509 seconds 
========================================================================
Received Import Request.
  Time since last request: 153.157001 seconds.
  path: Assets/Animation/Expressions/Expression Joy.anim
  artifactKey: Guid(6fc778961c5d84648821a3226b3a8af1) Importer(815301076,1909f56bfc062723c751e8b465ee728b)
Start importing Assets/Animation/Expressions/Expression Joy.anim using Guid(6fc778961c5d84648821a3226b3a8af1) Importer(815301076,1909f56bfc062723c751e8b465ee728b)  -> (artifact id: '255166d398f7c1fbc5e7bee5c098ab14') in 0.004157 seconds 
========================================================================
Received Import Request.
  Time since last request: 23.496959 seconds.
  path: Assets/Animation/Expressions/Expression Joy 1.anim
  artifactKey: Guid(d8c431179f44fa34185a60c55df50439) Importer(815301076,1909f56bfc062723c751e8b465ee728b)
Start importing Assets/Animation/Expressions/Expression Joy 1.anim using Guid(d8c431179f44fa34185a60c55df50439) Importer(815301076,1909f56bfc062723c751e8b465ee728b)  -> (artifact id: '7bbf345eb29031cf856a5680ccd4ce64') in 0.003722 seconds 
========================================================================
Received Import Request.
  Time since last request: 6.720539 seconds.
  path: Assets/Animation/Expressions/Expression Joy 2.anim
  artifactKey: Guid(d8c431179f44fa34185a60c55df50439) Importer(815301076,1909f56bfc062723c751e8b465ee728b)
Start importing Assets/Animation/Expressions/Expression Joy 2.anim using Guid(d8c431179f44fa34185a60c55df50439) Importer(815301076,1909f56bfc062723c751e8b465ee728b)  -> (artifact id: '0ea5c85e9806fb94b269db470a736bf3') in 0.003694 seconds 
========================================================================
Received Import Request.
  Time since last request: 66.626307 seconds.
  path: Assets/Animation/Expressions/Expression Joy 3.anim
  artifactKey: Guid(9785b53829d21dc45b0ff7a50b9483ff) Importer(815301076,1909f56bfc062723c751e8b465ee728b)
Start importing Assets/Animation/Expressions/Expression Joy 3.anim using Guid(9785b53829d21dc45b0ff7a50b9483ff) Importer(815301076,1909f56bfc062723c751e8b465ee728b)  -> (artifact id: '163fc148b4a4d6c1807b3fd4d687138f') in 0.010430 seconds 
========================================================================
Received Import Request.
  Time since last request: 1.836871 seconds.
  path: Assets/Animation/Expressions/Expression Joy 2.anim
  artifactKey: Guid(d8c431179f44fa34185a60c55df50439) Importer(815301076,1909f56bfc062723c751e8b465ee728b)
Start importing Assets/Animation/Expressions/Expression Joy 2.anim using Guid(d8c431179f44fa34185a60c55df50439) Importer(815301076,1909f56bfc062723c751e8b465ee728b)  -> (artifact id: '89cb71ec49064310448aeba5604643a4') in 0.024975 seconds 
